[2021-09-28 15:27:11,056] {manager.py:604} INFO - Processing files using up to 2 processes at a time 
[2021-09-28 15:27:11,464] {manager.py:605} INFO - Process each file at most once every 30 seconds
[2021-09-28 15:27:11,473] {manager.py:607} INFO - Checking for new files in /opt/airflow/dags every 300 seconds
[2021-09-28 15:27:11,493] {manager.py:754} INFO - Searching for files in /opt/airflow/dags
[2021-09-28 15:27:12,088] {manager.py:757} INFO - There are 31 files in /opt/airflow/dags
[2021-09-28 15:27:17,857] {manager.py:1128} INFO - Finding 'running' jobs without a recent heartbeat
[2021-09-28 15:27:17,943] {manager.py:1132} INFO - Failing jobs without heartbeat after 2021-09-28 15:22:17.943055+00:00
[2021-09-28 15:27:58,133] {manager.py:861} INFO - 
================================================================================
DAG File Processing Stats

File Path                                                                                                           PID  Runtime      # DAGs    # Errors  Last Runtime    Last Run
----------------------------------------------------------------------------------------------------------------  -----  ---------  --------  ----------  --------------  ----------
/home/airflow/.local/lib/python3.6/site-packages/airflow/example_dags/example_trigger_target_dag.py                 108  36.14s            0           0
/home/airflow/.local/lib/python3.6/site-packages/airflow/example_dags/example_latest_only.py                        109  35.58s            0           0
/home/airflow/.local/lib/python3.6/site-packages/airflow/example_dags/example_nested_branch_dag.py                                         0           0
/home/airflow/.local/lib/python3.6/site-packages/airflow/example_dags/example_bash_operator.py                                             0           0
/home/airflow/.local/lib/python3.6/site-packages/airflow/example_dags/example_branch_datetime_operator.py                                  0           0
/home/airflow/.local/lib/python3.6/site-packages/airflow/example_dags/example_trigger_controller_dag.py                                    0           0
/home/airflow/.local/lib/python3.6/site-packages/airflow/example_dags/example_complex.py                                                   0           0
/home/airflow/.local/lib/python3.6/site-packages/airflow/example_dags/example_python_operator.py                                           0           0
/home/airflow/.local/lib/python3.6/site-packages/airflow/example_dags/tutorial.py                                                          0           0
/home/airflow/.local/lib/python3.6/site-packages/airflow/example_dags/example_xcom.py                                                      0           0
/home/airflow/.local/lib/python3.6/site-packages/airflow/example_dags/example_dag_decorator.py                                             0           0
/home/airflow/.local/lib/python3.6/site-packages/airflow/example_dags/example_kubernetes_executor_config.py                                0           0
/home/airflow/.local/lib/python3.6/site-packages/airflow/example_dags/example_branch_day_of_week_operator.py                               0           0
/home/airflow/.local/lib/python3.6/site-packages/airflow/example_dags/example_skip_dag.py                                                  0           0
/home/airflow/.local/lib/python3.6/site-packages/airflow/example_dags/example_task_group_decorator.py                                      0           0
/home/airflow/.local/lib/python3.6/site-packages/airflow/example_dags/example_short_circuit_operator.py                                    0           0
/home/airflow/.local/lib/python3.6/site-packages/airflow/example_dags/tutorial_etl_dag.py                                                  0           0
/home/airflow/.local/lib/python3.6/site-packages/airflow/example_dags/example_latest_only_with_trigger.py                                  0           0
/home/airflow/.local/lib/python3.6/site-packages/airflow/example_dags/example_branch_python_dop_operator_3.py                              0           0
/home/airflow/.local/lib/python3.6/site-packages/airflow/example_dags/tutorial_taskflow_api_etl_virtualenv.py                              0           0
/home/airflow/.local/lib/python3.6/site-packages/airflow/example_dags/example_task_group.py                                                0           0
/home/airflow/.local/lib/python3.6/site-packages/airflow/example_dags/example_subdag_operator.py                                           0           0
/home/airflow/.local/lib/python3.6/site-packages/airflow/example_dags/tutorial_taskflow_api_etl.py                                         0           0
/home/airflow/.local/lib/python3.6/site-packages/airflow/example_dags/example_xcomargs.py                                                  0           0
/home/airflow/.local/lib/python3.6/site-packages/airflow/example_dags/example_branch_operator.py                                           0           0
/home/airflow/.local/lib/python3.6/site-packages/airflow/example_dags/example_passing_params_via_test_command.py                           0           0
/home/airflow/.local/lib/python3.6/site-packages/airflow/example_dags/example_external_task_marker_dag.py                                  0           0
/home/airflow/.local/lib/python3.6/site-packages/airflow/example_dags/example_kubernetes_executor.py                                       0           0
/home/airflow/.local/lib/python3.6/site-packages/airflow/example_dags/example_branch_labels.py                                             0           0
/home/airflow/.local/lib/python3.6/site-packages/airflow/example_dags/test_utils.py                                                        0           0
/home/airflow/.local/lib/python3.6/site-packages/airflow/example_dags/subdags/subdag.py                                                    0           0
================================================================================
[2021-09-28 15:28:00,870] {manager.py:1128} INFO - Finding 'running' jobs without a recent heartbeat
[2021-09-28 15:28:00,935] {manager.py:1132} INFO - Failing jobs without heartbeat after 2021-09-28 15:23:00.935231+00:00
[2021-09-28 15:28:06,943] {manager.py:1169} ERROR - Processor for /home/airflow/.local/lib/python3.6/site-packages/airflow/example_dags/example_trigger_target_dag.py with PID 108 started at 2021-09-28T15:27:16.928312+00:00 has timed out, killing it.
[2021-09-28 15:28:07,967] {manager.py:1169} ERROR - Processor for /home/airflow/.local/lib/python3.6/site-packages/airflow/example_dags/example_trigger_target_dag.py with PID 108 started at 2021-09-28T15:27:16.928312+00:00 has timed out, killing it.
[2021-09-28 15:28:08,151] {manager.py:1169} ERROR - Processor for /home/airflow/.local/lib/python3.6/site-packages/airflow/example_dags/example_trigger_target_dag.py with PID 108 started at 2021-09-28T15:27:16.928312+00:00 has timed out, killing it.
[2021-09-28 15:28:09,266] {manager.py:1169} ERROR - Processor for /home/airflow/.local/lib/python3.6/site-packages/airflow/example_dags/example_trigger_target_dag.py with PID 108 started at 2021-09-28T15:27:16.928312+00:00 has timed out, killing it.
[2021-09-28 15:28:09,417] {manager.py:1169} ERROR - Processor for /home/airflow/.local/lib/python3.6/site-packages/airflow/example_dags/example_trigger_target_dag.py with PID 108 started at 2021-09-28T15:27:16.928312+00:00 has timed out, killing it.
[2021-09-28 15:29:13,590] {manager.py:585} INFO - Exiting gracefully upon receiving signal 15
[2021-09-28 15:29:13,753] {manager.py:585} INFO - Exiting gracefully upon receiving signal 15
[2021-09-28 15:32:05,781] {manager.py:604} INFO - Processing files using up to 2 processes at a time 
[2021-09-28 15:32:07,387] {manager.py:605} INFO - Process each file at most once every 30 seconds
[2021-09-28 15:32:07,912] {manager.py:607} INFO - Checking for new files in /opt/airflow/dags every 300 seconds
[2021-09-28 15:32:07,930] {manager.py:754} INFO - Searching for files in /opt/airflow/dags
[2021-09-28 15:32:59,053] {manager.py:757} INFO - There are 31 files in /opt/airflow/dags
[2021-09-28 15:51:35,726] {manager.py:604} INFO - Processing files using up to 2 processes at a time 
[2021-09-28 15:51:35,789] {manager.py:605} INFO - Process each file at most once every 30 seconds
[2021-09-28 15:51:35,798] {manager.py:607} INFO - Checking for new files in /opt/airflow/dags every 300 seconds
[2021-09-28 15:51:35,803] {manager.py:754} INFO - Searching for files in /opt/airflow/dags
[2021-09-28 15:51:35,863] {manager.py:757} INFO - There are 31 files in /opt/airflow/dags
[2021-09-28 15:51:36,018] {manager.py:1128} INFO - Finding 'running' jobs without a recent heartbeat
[2021-09-28 15:51:36,027] {manager.py:1132} INFO - Failing jobs without heartbeat after 2021-09-28 15:46:36.026930+00:00
[2021-09-28 15:51:36,395] {manager.py:861} INFO - 
================================================================================
DAG File Processing Stats

File Path                                                                                                           PID  Runtime      # DAGs    # Errors  Last Runtime    Last Run
----------------------------------------------------------------------------------------------------------------  -----  ---------  --------  ----------  --------------  ----------
/home/airflow/.local/lib/python3.6/site-packages/airflow/example_dags/example_trigger_target_dag.py                  53  0.28s             0           0
/home/airflow/.local/lib/python3.6/site-packages/airflow/example_dags/example_latest_only.py                         54  0.27s             0           0
/home/airflow/.local/lib/python3.6/site-packages/airflow/example_dags/example_nested_branch_dag.py                                         0           0
/home/airflow/.local/lib/python3.6/site-packages/airflow/example_dags/example_bash_operator.py                                             0           0
/home/airflow/.local/lib/python3.6/site-packages/airflow/example_dags/example_branch_datetime_operator.py                                  0           0
/home/airflow/.local/lib/python3.6/site-packages/airflow/example_dags/example_trigger_controller_dag.py                                    0           0
/home/airflow/.local/lib/python3.6/site-packages/airflow/example_dags/example_complex.py                                                   0           0
/home/airflow/.local/lib/python3.6/site-packages/airflow/example_dags/example_python_operator.py                                           0           0
/home/airflow/.local/lib/python3.6/site-packages/airflow/example_dags/tutorial.py                                                          0           0
/home/airflow/.local/lib/python3.6/site-packages/airflow/example_dags/example_xcom.py                                                      0           0
/home/airflow/.local/lib/python3.6/site-packages/airflow/example_dags/example_dag_decorator.py                                             0           0
/home/airflow/.local/lib/python3.6/site-packages/airflow/example_dags/example_kubernetes_executor_config.py                                0           0
/home/airflow/.local/lib/python3.6/site-packages/airflow/example_dags/example_branch_day_of_week_operator.py                               0           0
/home/airflow/.local/lib/python3.6/site-packages/airflow/example_dags/example_skip_dag.py                                                  0           0
/home/airflow/.local/lib/python3.6/site-packages/airflow/example_dags/example_task_group_decorator.py                                      0           0
/home/airflow/.local/lib/python3.6/site-packages/airflow/example_dags/example_short_circuit_operator.py                                    0           0
/home/airflow/.local/lib/python3.6/site-packages/airflow/example_dags/tutorial_etl_dag.py                                                  0           0
/home/airflow/.local/lib/python3.6/site-packages/airflow/example_dags/example_latest_only_with_trigger.py                                  0           0
/home/airflow/.local/lib/python3.6/site-packages/airflow/example_dags/example_branch_python_dop_operator_3.py                              0           0
/home/airflow/.local/lib/python3.6/site-packages/airflow/example_dags/tutorial_taskflow_api_etl_virtualenv.py                              0           0
/home/airflow/.local/lib/python3.6/site-packages/airflow/example_dags/example_task_group.py                                                0           0
/home/airflow/.local/lib/python3.6/site-packages/airflow/example_dags/example_subdag_operator.py                                           0           0
/home/airflow/.local/lib/python3.6/site-packages/airflow/example_dags/tutorial_taskflow_api_etl.py                                         0           0
/home/airflow/.local/lib/python3.6/site-packages/airflow/example_dags/example_xcomargs.py                                                  0           0
/home/airflow/.local/lib/python3.6/site-packages/airflow/example_dags/example_branch_operator.py                                           0           0
/home/airflow/.local/lib/python3.6/site-packages/airflow/example_dags/example_passing_params_via_test_command.py                           0           0
/home/airflow/.local/lib/python3.6/site-packages/airflow/example_dags/example_external_task_marker_dag.py                                  0           0
/home/airflow/.local/lib/python3.6/site-packages/airflow/example_dags/example_kubernetes_executor.py                                       0           0
/home/airflow/.local/lib/python3.6/site-packages/airflow/example_dags/example_branch_labels.py                                             0           0
/home/airflow/.local/lib/python3.6/site-packages/airflow/example_dags/test_utils.py                                                        0           0
/home/airflow/.local/lib/python3.6/site-packages/airflow/example_dags/subdags/subdag.py                                                    0           0
================================================================================
[2021-09-28 15:51:46,688] {manager.py:1128} INFO - Finding 'running' jobs without a recent heartbeat
[2021-09-28 15:51:46,715] {manager.py:1132} INFO - Failing jobs without heartbeat after 2021-09-28 15:46:46.712742+00:00
[2021-09-28 15:51:57,364] {manager.py:1128} INFO - Finding 'running' jobs without a recent heartbeat
[2021-09-28 15:51:57,489] {manager.py:1132} INFO - Failing jobs without heartbeat after 2021-09-28 15:46:57.489217+00:00
[2021-09-28 15:52:06,759] {manager.py:861} INFO - 
================================================================================
DAG File Processing Stats

File Path                                                                                                           PID  Runtime      # DAGs    # Errors  Last Runtime    Last Run
----------------------------------------------------------------------------------------------------------------  -----  ---------  --------  ----------  --------------  ----------
/home/airflow/.local/lib/python3.6/site-packages/airflow/example_dags/example_trigger_target_dag.py                  53  30.68s            0           0
/home/airflow/.local/lib/python3.6/site-packages/airflow/example_dags/example_latest_only.py                         54  30.68s            0           0
/home/airflow/.local/lib/python3.6/site-packages/airflow/example_dags/example_nested_branch_dag.py                                         0           0
/home/airflow/.local/lib/python3.6/site-packages/airflow/example_dags/example_bash_operator.py                                             0           0
/home/airflow/.local/lib/python3.6/site-packages/airflow/example_dags/example_branch_datetime_operator.py                                  0           0
/home/airflow/.local/lib/python3.6/site-packages/airflow/example_dags/example_trigger_controller_dag.py                                    0           0
/home/airflow/.local/lib/python3.6/site-packages/airflow/example_dags/example_complex.py                                                   0           0
/home/airflow/.local/lib/python3.6/site-packages/airflow/example_dags/example_python_operator.py                                           0           0
/home/airflow/.local/lib/python3.6/site-packages/airflow/example_dags/tutorial.py                                                          0           0
/home/airflow/.local/lib/python3.6/site-packages/airflow/example_dags/example_xcom.py                                                      0           0
/home/airflow/.local/lib/python3.6/site-packages/airflow/example_dags/example_dag_decorator.py                                             0           0
/home/airflow/.local/lib/python3.6/site-packages/airflow/example_dags/example_kubernetes_executor_config.py                                0           0
/home/airflow/.local/lib/python3.6/site-packages/airflow/example_dags/example_branch_day_of_week_operator.py                               0           0
/home/airflow/.local/lib/python3.6/site-packages/airflow/example_dags/example_skip_dag.py                                                  0           0
/home/airflow/.local/lib/python3.6/site-packages/airflow/example_dags/example_task_group_decorator.py                                      0           0
/home/airflow/.local/lib/python3.6/site-packages/airflow/example_dags/example_short_circuit_operator.py                                    0           0
/home/airflow/.local/lib/python3.6/site-packages/airflow/example_dags/tutorial_etl_dag.py                                                  0           0
/home/airflow/.local/lib/python3.6/site-packages/airflow/example_dags/example_latest_only_with_trigger.py                                  0           0
/home/airflow/.local/lib/python3.6/site-packages/airflow/example_dags/example_branch_python_dop_operator_3.py                              0           0
/home/airflow/.local/lib/python3.6/site-packages/airflow/example_dags/tutorial_taskflow_api_etl_virtualenv.py                              0           0
/home/airflow/.local/lib/python3.6/site-packages/airflow/example_dags/example_task_group.py                                                0           0
/home/airflow/.local/lib/python3.6/site-packages/airflow/example_dags/example_subdag_operator.py                                           0           0
/home/airflow/.local/lib/python3.6/site-packages/airflow/example_dags/tutorial_taskflow_api_etl.py                                         0           0
/home/airflow/.local/lib/python3.6/site-packages/airflow/example_dags/example_xcomargs.py                                                  0           0
/home/airflow/.local/lib/python3.6/site-packages/airflow/example_dags/example_branch_operator.py                                           0           0
/home/airflow/.local/lib/python3.6/site-packages/airflow/example_dags/example_passing_params_via_test_command.py                           0           0
/home/airflow/.local/lib/python3.6/site-packages/airflow/example_dags/example_external_task_marker_dag.py                                  0           0
/home/airflow/.local/lib/python3.6/site-packages/airflow/example_dags/example_kubernetes_executor.py                                       0           0
/home/airflow/.local/lib/python3.6/site-packages/airflow/example_dags/example_branch_labels.py                                             0           0
/home/airflow/.local/lib/python3.6/site-packages/airflow/example_dags/test_utils.py                                                        0           0
/home/airflow/.local/lib/python3.6/site-packages/airflow/example_dags/subdags/subdag.py                                                    0           0
================================================================================
[2021-09-28 15:52:07,795] {manager.py:1128} INFO - Finding 'running' jobs without a recent heartbeat
[2021-09-28 15:52:07,825] {manager.py:1132} INFO - Failing jobs without heartbeat after 2021-09-28 15:47:07.825220+00:00
[2021-09-28 15:52:18,404] {manager.py:1128} INFO - Finding 'running' jobs without a recent heartbeat
[2021-09-28 15:52:18,463] {manager.py:1132} INFO - Failing jobs without heartbeat after 2021-09-28 15:47:18.463393+00:00
[2021-09-28 15:52:26,409] {manager.py:1169} ERROR - Processor for /home/airflow/.local/lib/python3.6/site-packages/airflow/example_dags/example_trigger_target_dag.py with PID 53 started at 2021-09-28T15:51:35.999913+00:00 has timed out, killing it.
[2021-09-28 15:52:26,512] {manager.py:1169} ERROR - Processor for /home/airflow/.local/lib/python3.6/site-packages/airflow/example_dags/example_latest_only.py with PID 54 started at 2021-09-28T15:51:36.008361+00:00 has timed out, killing it.
[2021-09-28 15:52:26,740] {manager.py:1169} ERROR - Processor for /home/airflow/.local/lib/python3.6/site-packages/airflow/example_dags/example_trigger_target_dag.py with PID 53 started at 2021-09-28T15:51:35.999913+00:00 has timed out, killing it.
[2021-09-28 15:52:26,784] {manager.py:1169} ERROR - Processor for /home/airflow/.local/lib/python3.6/site-packages/airflow/example_dags/example_latest_only.py with PID 54 started at 2021-09-28T15:51:36.008361+00:00 has timed out, killing it.
[2021-09-28 15:52:36,116] {manager.py:604} INFO - Processing files using up to 2 processes at a time 
[2021-09-28 15:52:36,119] {manager.py:605} INFO - Process each file at most once every 30 seconds
[2021-09-28 15:52:36,126] {manager.py:607} INFO - Checking for new files in /opt/airflow/dags every 300 seconds
[2021-09-28 15:52:36,132] {manager.py:754} INFO - Searching for files in /opt/airflow/dags
[2021-09-28 15:52:36,632] {manager.py:757} INFO - There are 31 files in /opt/airflow/dags
[2021-09-28 15:52:38,860] {manager.py:1128} INFO - Finding 'running' jobs without a recent heartbeat
[2021-09-28 15:52:38,920] {manager.py:1132} INFO - Failing jobs without heartbeat after 2021-09-28 15:47:38.916542+00:00
[2021-09-28 15:52:41,301] {manager.py:861} INFO - 
================================================================================
DAG File Processing Stats

File Path                                                                                                           PID  Runtime      # DAGs    # Errors  Last Runtime    Last Run
----------------------------------------------------------------------------------------------------------------  -----  ---------  --------  ----------  --------------  ----------
/home/airflow/.local/lib/python3.6/site-packages/airflow/example_dags/example_trigger_target_dag.py                  86  2.59s             0           0
/home/airflow/.local/lib/python3.6/site-packages/airflow/example_dags/example_latest_only.py                         87  2.37s             0           0
/home/airflow/.local/lib/python3.6/site-packages/airflow/example_dags/example_nested_branch_dag.py                                         0           0
/home/airflow/.local/lib/python3.6/site-packages/airflow/example_dags/example_bash_operator.py                                             0           0
/home/airflow/.local/lib/python3.6/site-packages/airflow/example_dags/example_branch_datetime_operator.py                                  0           0
/home/airflow/.local/lib/python3.6/site-packages/airflow/example_dags/example_trigger_controller_dag.py                                    0           0
/home/airflow/.local/lib/python3.6/site-packages/airflow/example_dags/example_complex.py                                                   0           0
/home/airflow/.local/lib/python3.6/site-packages/airflow/example_dags/example_python_operator.py                                           0           0
/home/airflow/.local/lib/python3.6/site-packages/airflow/example_dags/tutorial.py                                                          0           0
/home/airflow/.local/lib/python3.6/site-packages/airflow/example_dags/example_xcom.py                                                      0           0
/home/airflow/.local/lib/python3.6/site-packages/airflow/example_dags/example_dag_decorator.py                                             0           0
/home/airflow/.local/lib/python3.6/site-packages/airflow/example_dags/example_kubernetes_executor_config.py                                0           0
/home/airflow/.local/lib/python3.6/site-packages/airflow/example_dags/example_branch_day_of_week_operator.py                               0           0
/home/airflow/.local/lib/python3.6/site-packages/airflow/example_dags/example_skip_dag.py                                                  0           0
/home/airflow/.local/lib/python3.6/site-packages/airflow/example_dags/example_task_group_decorator.py                                      0           0
/home/airflow/.local/lib/python3.6/site-packages/airflow/example_dags/example_short_circuit_operator.py                                    0           0
/home/airflow/.local/lib/python3.6/site-packages/airflow/example_dags/tutorial_etl_dag.py                                                  0           0
/home/airflow/.local/lib/python3.6/site-packages/airflow/example_dags/example_latest_only_with_trigger.py                                  0           0
/home/airflow/.local/lib/python3.6/site-packages/airflow/example_dags/example_branch_python_dop_operator_3.py                              0           0
/home/airflow/.local/lib/python3.6/site-packages/airflow/example_dags/tutorial_taskflow_api_etl_virtualenv.py                              0           0
/home/airflow/.local/lib/python3.6/site-packages/airflow/example_dags/example_task_group.py                                                0           0
/home/airflow/.local/lib/python3.6/site-packages/airflow/example_dags/example_subdag_operator.py                                           0           0
/home/airflow/.local/lib/python3.6/site-packages/airflow/example_dags/tutorial_taskflow_api_etl.py                                         0           0
/home/airflow/.local/lib/python3.6/site-packages/airflow/example_dags/example_xcomargs.py                                                  0           0
/home/airflow/.local/lib/python3.6/site-packages/airflow/example_dags/example_branch_operator.py                                           0           0
/home/airflow/.local/lib/python3.6/site-packages/airflow/example_dags/example_passing_params_via_test_command.py                           0           0
/home/airflow/.local/lib/python3.6/site-packages/airflow/example_dags/example_external_task_marker_dag.py                                  0           0
/home/airflow/.local/lib/python3.6/site-packages/airflow/example_dags/example_kubernetes_executor.py                                       0           0
/home/airflow/.local/lib/python3.6/site-packages/airflow/example_dags/example_branch_labels.py                                             0           0
/home/airflow/.local/lib/python3.6/site-packages/airflow/example_dags/test_utils.py                                                        0           0
/home/airflow/.local/lib/python3.6/site-packages/airflow/example_dags/subdags/subdag.py                                                    0           0
================================================================================
[2021-09-28 15:52:51,682] {manager.py:1128} INFO - Finding 'running' jobs without a recent heartbeat
[2021-09-28 15:52:51,761] {manager.py:1132} INFO - Failing jobs without heartbeat after 2021-09-28 15:47:51.761272+00:00
[2021-09-28 15:53:02,663] {manager.py:1128} INFO - Finding 'running' jobs without a recent heartbeat
[2021-09-28 15:53:02,866] {manager.py:1132} INFO - Failing jobs without heartbeat after 2021-09-28 15:48:02.866164+00:00
[2021-09-28 15:53:11,762] {manager.py:861} INFO - 
================================================================================
DAG File Processing Stats

File Path                                                                                                           PID  Runtime      # DAGs    # Errors  Last Runtime    Last Run
----------------------------------------------------------------------------------------------------------------  -----  ---------  --------  ----------  --------------  ----------
/home/airflow/.local/lib/python3.6/site-packages/airflow/example_dags/example_trigger_target_dag.py                  86  33.27s            0           0
/home/airflow/.local/lib/python3.6/site-packages/airflow/example_dags/example_latest_only.py                         87  33.06s            0           0
/home/airflow/.local/lib/python3.6/site-packages/airflow/example_dags/example_nested_branch_dag.py                                         0           0
/home/airflow/.local/lib/python3.6/site-packages/airflow/example_dags/example_bash_operator.py                                             0           0
/home/airflow/.local/lib/python3.6/site-packages/airflow/example_dags/example_branch_datetime_operator.py                                  0           0
/home/airflow/.local/lib/python3.6/site-packages/airflow/example_dags/example_trigger_controller_dag.py                                    0           0
/home/airflow/.local/lib/python3.6/site-packages/airflow/example_dags/example_complex.py                                                   0           0
/home/airflow/.local/lib/python3.6/site-packages/airflow/example_dags/example_python_operator.py                                           0           0
/home/airflow/.local/lib/python3.6/site-packages/airflow/example_dags/tutorial.py                                                          0           0
/home/airflow/.local/lib/python3.6/site-packages/airflow/example_dags/example_xcom.py                                                      0           0
/home/airflow/.local/lib/python3.6/site-packages/airflow/example_dags/example_dag_decorator.py                                             0           0
/home/airflow/.local/lib/python3.6/site-packages/airflow/example_dags/example_kubernetes_executor_config.py                                0           0
/home/airflow/.local/lib/python3.6/site-packages/airflow/example_dags/example_branch_day_of_week_operator.py                               0           0
/home/airflow/.local/lib/python3.6/site-packages/airflow/example_dags/example_skip_dag.py                                                  0           0
/home/airflow/.local/lib/python3.6/site-packages/airflow/example_dags/example_task_group_decorator.py                                      0           0
/home/airflow/.local/lib/python3.6/site-packages/airflow/example_dags/example_short_circuit_operator.py                                    0           0
/home/airflow/.local/lib/python3.6/site-packages/airflow/example_dags/tutorial_etl_dag.py                                                  0           0
/home/airflow/.local/lib/python3.6/site-packages/airflow/example_dags/example_latest_only_with_trigger.py                                  0           0
/home/airflow/.local/lib/python3.6/site-packages/airflow/example_dags/example_branch_python_dop_operator_3.py                              0           0
/home/airflow/.local/lib/python3.6/site-packages/airflow/example_dags/tutorial_taskflow_api_etl_virtualenv.py                              0           0
/home/airflow/.local/lib/python3.6/site-packages/airflow/example_dags/example_task_group.py                                                0           0
/home/airflow/.local/lib/python3.6/site-packages/airflow/example_dags/example_subdag_operator.py                                           0           0
/home/airflow/.local/lib/python3.6/site-packages/airflow/example_dags/tutorial_taskflow_api_etl.py                                         0           0
/home/airflow/.local/lib/python3.6/site-packages/airflow/example_dags/example_xcomargs.py                                                  0           0
/home/airflow/.local/lib/python3.6/site-packages/airflow/example_dags/example_branch_operator.py                                           0           0
/home/airflow/.local/lib/python3.6/site-packages/airflow/example_dags/example_passing_params_via_test_command.py                           0           0
/home/airflow/.local/lib/python3.6/site-packages/airflow/example_dags/example_external_task_marker_dag.py                                  0           0
/home/airflow/.local/lib/python3.6/site-packages/airflow/example_dags/example_kubernetes_executor.py                                       0           0
/home/airflow/.local/lib/python3.6/site-packages/airflow/example_dags/example_branch_labels.py                                             0           0
/home/airflow/.local/lib/python3.6/site-packages/airflow/example_dags/test_utils.py                                                        0           0
/home/airflow/.local/lib/python3.6/site-packages/airflow/example_dags/subdags/subdag.py                                                    0           0
================================================================================
[2021-09-28 15:53:13,959] {manager.py:1128} INFO - Finding 'running' jobs without a recent heartbeat
[2021-09-28 15:53:13,968] {manager.py:1132} INFO - Failing jobs without heartbeat after 2021-09-28 15:48:13.967554+00:00
[2021-09-28 15:53:25,043] {manager.py:1128} INFO - Finding 'running' jobs without a recent heartbeat
[2021-09-28 15:53:26,003] {manager.py:1132} INFO - Failing jobs without heartbeat after 2021-09-28 15:48:26.001825+00:00
[2021-09-28 15:53:28,463] {manager.py:1169} ERROR - Processor for /home/airflow/.local/lib/python3.6/site-packages/airflow/example_dags/example_trigger_target_dag.py with PID 86 started at 2021-09-28T15:52:38.260622+00:00 has timed out, killing it.
[2021-09-28 15:53:29,149] {manager.py:1169} ERROR - Processor for /home/airflow/.local/lib/python3.6/site-packages/airflow/example_dags/example_trigger_target_dag.py with PID 86 started at 2021-09-28T15:52:38.260622+00:00 has timed out, killing it.
[2021-09-28 15:53:29,280] {manager.py:1169} ERROR - Processor for /home/airflow/.local/lib/python3.6/site-packages/airflow/example_dags/example_latest_only.py with PID 87 started at 2021-09-28T15:52:38.472609+00:00 has timed out, killing it.
[2021-09-28 15:53:48,487] {manager.py:604} INFO - Processing files using up to 2 processes at a time 
[2021-09-28 15:53:48,491] {manager.py:605} INFO - Process each file at most once every 30 seconds
[2021-09-28 15:53:48,494] {manager.py:607} INFO - Checking for new files in /opt/airflow/dags every 300 seconds
[2021-09-28 15:53:48,499] {manager.py:754} INFO - Searching for files in /opt/airflow/dags
[2021-09-28 15:53:49,917] {manager.py:757} INFO - There are 31 files in /opt/airflow/dags
[2021-09-28 15:53:54,458] {manager.py:1128} INFO - Finding 'running' jobs without a recent heartbeat
[2021-09-28 15:53:54,647] {manager.py:1132} INFO - Failing jobs without heartbeat after 2021-09-28 15:48:54.647589+00:00
[2021-09-28 15:53:59,228] {manager.py:861} INFO - 
================================================================================
DAG File Processing Stats

File Path                                                                                                           PID  Runtime      # DAGs    # Errors  Last Runtime    Last Run
----------------------------------------------------------------------------------------------------------------  -----  ---------  --------  ----------  --------------  ----------
/home/airflow/.local/lib/python3.6/site-packages/airflow/example_dags/example_trigger_target_dag.py                 126  3.31s             0           0
/home/airflow/.local/lib/python3.6/site-packages/airflow/example_dags/example_latest_only.py                        129  2.79s             0           0
/home/airflow/.local/lib/python3.6/site-packages/airflow/example_dags/example_nested_branch_dag.py                                         0           0
/home/airflow/.local/lib/python3.6/site-packages/airflow/example_dags/example_bash_operator.py                                             0           0
/home/airflow/.local/lib/python3.6/site-packages/airflow/example_dags/example_branch_datetime_operator.py                                  0           0
/home/airflow/.local/lib/python3.6/site-packages/airflow/example_dags/example_trigger_controller_dag.py                                    0           0
/home/airflow/.local/lib/python3.6/site-packages/airflow/example_dags/example_complex.py                                                   0           0
/home/airflow/.local/lib/python3.6/site-packages/airflow/example_dags/example_python_operator.py                                           0           0
/home/airflow/.local/lib/python3.6/site-packages/airflow/example_dags/tutorial.py                                                          0           0
/home/airflow/.local/lib/python3.6/site-packages/airflow/example_dags/example_xcom.py                                                      0           0
/home/airflow/.local/lib/python3.6/site-packages/airflow/example_dags/example_dag_decorator.py                                             0           0
/home/airflow/.local/lib/python3.6/site-packages/airflow/example_dags/example_kubernetes_executor_config.py                                0           0
/home/airflow/.local/lib/python3.6/site-packages/airflow/example_dags/example_branch_day_of_week_operator.py                               0           0
/home/airflow/.local/lib/python3.6/site-packages/airflow/example_dags/example_skip_dag.py                                                  0           0
/home/airflow/.local/lib/python3.6/site-packages/airflow/example_dags/example_task_group_decorator.py                                      0           0
/home/airflow/.local/lib/python3.6/site-packages/airflow/example_dags/example_short_circuit_operator.py                                    0           0
/home/airflow/.local/lib/python3.6/site-packages/airflow/example_dags/tutorial_etl_dag.py                                                  0           0
/home/airflow/.local/lib/python3.6/site-packages/airflow/example_dags/example_latest_only_with_trigger.py                                  0           0
/home/airflow/.local/lib/python3.6/site-packages/airflow/example_dags/example_branch_python_dop_operator_3.py                              0           0
/home/airflow/.local/lib/python3.6/site-packages/airflow/example_dags/tutorial_taskflow_api_etl_virtualenv.py                              0           0
/home/airflow/.local/lib/python3.6/site-packages/airflow/example_dags/example_task_group.py                                                0           0
/home/airflow/.local/lib/python3.6/site-packages/airflow/example_dags/example_subdag_operator.py                                           0           0
/home/airflow/.local/lib/python3.6/site-packages/airflow/example_dags/tutorial_taskflow_api_etl.py                                         0           0
/home/airflow/.local/lib/python3.6/site-packages/airflow/example_dags/example_xcomargs.py                                                  0           0
/home/airflow/.local/lib/python3.6/site-packages/airflow/example_dags/example_branch_operator.py                                           0           0
/home/airflow/.local/lib/python3.6/site-packages/airflow/example_dags/example_passing_params_via_test_command.py                           0           0
/home/airflow/.local/lib/python3.6/site-packages/airflow/example_dags/example_external_task_marker_dag.py                                  0           0
/home/airflow/.local/lib/python3.6/site-packages/airflow/example_dags/example_kubernetes_executor.py                                       0           0
/home/airflow/.local/lib/python3.6/site-packages/airflow/example_dags/example_branch_labels.py                                             0           0
/home/airflow/.local/lib/python3.6/site-packages/airflow/example_dags/test_utils.py                                                        0           0
/home/airflow/.local/lib/python3.6/site-packages/airflow/example_dags/subdags/subdag.py                                                    0           0
================================================================================
[2021-09-28 15:54:07,644] {manager.py:1128} INFO - Finding 'running' jobs without a recent heartbeat
[2021-09-28 15:54:07,741] {manager.py:1132} INFO - Failing jobs without heartbeat after 2021-09-28 15:49:07.741335+00:00
[2021-09-28 15:54:19,752] {manager.py:1128} INFO - Finding 'running' jobs without a recent heartbeat
[2021-09-28 15:54:20,385] {manager.py:1132} INFO - Failing jobs without heartbeat after 2021-09-28 15:49:20.383447+00:00
[2021-09-28 15:54:30,092] {manager.py:861} INFO - 
================================================================================
DAG File Processing Stats

File Path                                                                                                           PID  Runtime      # DAGs    # Errors  Last Runtime    Last Run
----------------------------------------------------------------------------------------------------------------  -----  ---------  --------  ----------  --------------  ----------
/home/airflow/.local/lib/python3.6/site-packages/airflow/example_dags/example_trigger_target_dag.py                 126  35.79s            0           0
/home/airflow/.local/lib/python3.6/site-packages/airflow/example_dags/example_latest_only.py                        129  35.27s            0           0
/home/airflow/.local/lib/python3.6/site-packages/airflow/example_dags/example_nested_branch_dag.py                                         0           0
/home/airflow/.local/lib/python3.6/site-packages/airflow/example_dags/example_bash_operator.py                                             0           0
/home/airflow/.local/lib/python3.6/site-packages/airflow/example_dags/example_branch_datetime_operator.py                                  0           0
/home/airflow/.local/lib/python3.6/site-packages/airflow/example_dags/example_trigger_controller_dag.py                                    0           0
/home/airflow/.local/lib/python3.6/site-packages/airflow/example_dags/example_complex.py                                                   0           0
/home/airflow/.local/lib/python3.6/site-packages/airflow/example_dags/example_python_operator.py                                           0           0
/home/airflow/.local/lib/python3.6/site-packages/airflow/example_dags/tutorial.py                                                          0           0
/home/airflow/.local/lib/python3.6/site-packages/airflow/example_dags/example_xcom.py                                                      0           0
/home/airflow/.local/lib/python3.6/site-packages/airflow/example_dags/example_dag_decorator.py                                             0           0
/home/airflow/.local/lib/python3.6/site-packages/airflow/example_dags/example_kubernetes_executor_config.py                                0           0
/home/airflow/.local/lib/python3.6/site-packages/airflow/example_dags/example_branch_day_of_week_operator.py                               0           0
/home/airflow/.local/lib/python3.6/site-packages/airflow/example_dags/example_skip_dag.py                                                  0           0
/home/airflow/.local/lib/python3.6/site-packages/airflow/example_dags/example_task_group_decorator.py                                      0           0
/home/airflow/.local/lib/python3.6/site-packages/airflow/example_dags/example_short_circuit_operator.py                                    0           0
/home/airflow/.local/lib/python3.6/site-packages/airflow/example_dags/tutorial_etl_dag.py                                                  0           0
/home/airflow/.local/lib/python3.6/site-packages/airflow/example_dags/example_latest_only_with_trigger.py                                  0           0
/home/airflow/.local/lib/python3.6/site-packages/airflow/example_dags/example_branch_python_dop_operator_3.py                              0           0
/home/airflow/.local/lib/python3.6/site-packages/airflow/example_dags/tutorial_taskflow_api_etl_virtualenv.py                              0           0
/home/airflow/.local/lib/python3.6/site-packages/airflow/example_dags/example_task_group.py                                                0           0
/home/airflow/.local/lib/python3.6/site-packages/airflow/example_dags/example_subdag_operator.py                                           0           0
/home/airflow/.local/lib/python3.6/site-packages/airflow/example_dags/tutorial_taskflow_api_etl.py                                         0           0
/home/airflow/.local/lib/python3.6/site-packages/airflow/example_dags/example_xcomargs.py                                                  0           0
/home/airflow/.local/lib/python3.6/site-packages/airflow/example_dags/example_branch_operator.py                                           0           0
/home/airflow/.local/lib/python3.6/site-packages/airflow/example_dags/example_passing_params_via_test_command.py                           0           0
/home/airflow/.local/lib/python3.6/site-packages/airflow/example_dags/example_external_task_marker_dag.py                                  0           0
/home/airflow/.local/lib/python3.6/site-packages/airflow/example_dags/example_kubernetes_executor.py                                       0           0
/home/airflow/.local/lib/python3.6/site-packages/airflow/example_dags/example_branch_labels.py                                             0           0
/home/airflow/.local/lib/python3.6/site-packages/airflow/example_dags/test_utils.py                                                        0           0
/home/airflow/.local/lib/python3.6/site-packages/airflow/example_dags/subdags/subdag.py                                                    0           0
================================================================================
[2021-09-28 15:54:32,343] {manager.py:1128} INFO - Finding 'running' jobs without a recent heartbeat
[2021-09-28 15:54:32,355] {manager.py:1132} INFO - Failing jobs without heartbeat after 2021-09-28 15:49:32.355134+00:00
[2021-09-28 15:54:44,356] {manager.py:1128} INFO - Finding 'running' jobs without a recent heartbeat
[2021-09-28 15:54:44,370] {manager.py:1132} INFO - Failing jobs without heartbeat after 2021-09-28 15:49:44.370811+00:00
[2021-09-28 15:54:44,870] {manager.py:1169} ERROR - Processor for /home/airflow/.local/lib/python3.6/site-packages/airflow/example_dags/example_trigger_target_dag.py with PID 126 started at 2021-09-28T15:53:53.642453+00:00 has timed out, killing it.
[2021-09-28 15:54:44,984] {manager.py:1169} ERROR - Processor for /home/airflow/.local/lib/python3.6/site-packages/airflow/example_dags/example_latest_only.py with PID 129 started at 2021-09-28T15:53:54.160589+00:00 has timed out, killing it.
[2021-09-28 15:54:45,017] {manager.py:1169} ERROR - Processor for /home/airflow/.local/lib/python3.6/site-packages/airflow/example_dags/example_trigger_target_dag.py with PID 126 started at 2021-09-28T15:53:53.642453+00:00 has timed out, killing it.
[2021-09-28 15:54:45,030] {manager.py:1169} ERROR - Processor for /home/airflow/.local/lib/python3.6/site-packages/airflow/example_dags/example_latest_only.py with PID 129 started at 2021-09-28T15:53:54.160589+00:00 has timed out, killing it.
[2021-09-28 15:54:46,014] {manager.py:1169} ERROR - Processor for /home/airflow/.local/lib/python3.6/site-packages/airflow/example_dags/example_trigger_target_dag.py with PID 126 started at 2021-09-28T15:53:53.642453+00:00 has timed out, killing it.
[2021-09-28 15:54:46,042] {manager.py:1169} ERROR - Processor for /home/airflow/.local/lib/python3.6/site-packages/airflow/example_dags/example_latest_only.py with PID 129 started at 2021-09-28T15:53:54.160589+00:00 has timed out, killing it.
[2021-09-28 15:54:46,080] {manager.py:1169} ERROR - Processor for /home/airflow/.local/lib/python3.6/site-packages/airflow/example_dags/example_trigger_target_dag.py with PID 126 started at 2021-09-28T15:53:53.642453+00:00 has timed out, killing it.
[2021-09-28 15:54:46,097] {manager.py:1169} ERROR - Processor for /home/airflow/.local/lib/python3.6/site-packages/airflow/example_dags/example_latest_only.py with PID 129 started at 2021-09-28T15:53:54.160589+00:00 has timed out, killing it.
[2021-09-28 15:55:28,062] {manager.py:604} INFO - Processing files using up to 2 processes at a time 
[2021-09-28 15:55:29,131] {manager.py:605} INFO - Process each file at most once every 30 seconds
[2021-09-28 15:55:29,254] {manager.py:607} INFO - Checking for new files in /opt/airflow/dags every 300 seconds
[2021-09-28 15:55:29,729] {manager.py:754} INFO - Searching for files in /opt/airflow/dags
[2021-09-28 15:55:36,563] {manager.py:757} INFO - There are 31 files in /opt/airflow/dags
[2021-09-28 15:55:46,098] {manager.py:1128} INFO - Finding 'running' jobs without a recent heartbeat
[2021-09-28 15:55:46,124] {manager.py:1132} INFO - Failing jobs without heartbeat after 2021-09-28 15:50:46.124370+00:00
[2021-09-28 15:55:55,750] {manager.py:861} INFO - 
================================================================================
DAG File Processing Stats

File Path                                                                                                           PID  Runtime      # DAGs    # Errors  Last Runtime    Last Run
----------------------------------------------------------------------------------------------------------------  -----  ---------  --------  ----------  --------------  ----------
/home/airflow/.local/lib/python3.6/site-packages/airflow/example_dags/example_trigger_target_dag.py                 184  8.89s             0           0
/home/airflow/.local/lib/python3.6/site-packages/airflow/example_dags/example_latest_only.py                        186  7.46s             0           0
/home/airflow/.local/lib/python3.6/site-packages/airflow/example_dags/example_nested_branch_dag.py                                         0           0
/home/airflow/.local/lib/python3.6/site-packages/airflow/example_dags/example_bash_operator.py                                             0           0
/home/airflow/.local/lib/python3.6/site-packages/airflow/example_dags/example_branch_datetime_operator.py                                  0           0
/home/airflow/.local/lib/python3.6/site-packages/airflow/example_dags/example_trigger_controller_dag.py                                    0           0
/home/airflow/.local/lib/python3.6/site-packages/airflow/example_dags/example_complex.py                                                   0           0
/home/airflow/.local/lib/python3.6/site-packages/airflow/example_dags/example_python_operator.py                                           0           0
/home/airflow/.local/lib/python3.6/site-packages/airflow/example_dags/tutorial.py                                                          0           0
/home/airflow/.local/lib/python3.6/site-packages/airflow/example_dags/example_xcom.py                                                      0           0
/home/airflow/.local/lib/python3.6/site-packages/airflow/example_dags/example_dag_decorator.py                                             0           0
/home/airflow/.local/lib/python3.6/site-packages/airflow/example_dags/example_kubernetes_executor_config.py                                0           0
/home/airflow/.local/lib/python3.6/site-packages/airflow/example_dags/example_branch_day_of_week_operator.py                               0           0
/home/airflow/.local/lib/python3.6/site-packages/airflow/example_dags/example_skip_dag.py                                                  0           0
/home/airflow/.local/lib/python3.6/site-packages/airflow/example_dags/example_task_group_decorator.py                                      0           0
/home/airflow/.local/lib/python3.6/site-packages/airflow/example_dags/example_short_circuit_operator.py                                    0           0
/home/airflow/.local/lib/python3.6/site-packages/airflow/example_dags/tutorial_etl_dag.py                                                  0           0
/home/airflow/.local/lib/python3.6/site-packages/airflow/example_dags/example_latest_only_with_trigger.py                                  0           0
/home/airflow/.local/lib/python3.6/site-packages/airflow/example_dags/example_branch_python_dop_operator_3.py                              0           0
/home/airflow/.local/lib/python3.6/site-packages/airflow/example_dags/tutorial_taskflow_api_etl_virtualenv.py                              0           0
/home/airflow/.local/lib/python3.6/site-packages/airflow/example_dags/example_task_group.py                                                0           0
/home/airflow/.local/lib/python3.6/site-packages/airflow/example_dags/example_subdag_operator.py                                           0           0
/home/airflow/.local/lib/python3.6/site-packages/airflow/example_dags/tutorial_taskflow_api_etl.py                                         0           0
/home/airflow/.local/lib/python3.6/site-packages/airflow/example_dags/example_xcomargs.py                                                  0           0
/home/airflow/.local/lib/python3.6/site-packages/airflow/example_dags/example_branch_operator.py                                           0           0
/home/airflow/.local/lib/python3.6/site-packages/airflow/example_dags/example_passing_params_via_test_command.py                           0           0
/home/airflow/.local/lib/python3.6/site-packages/airflow/example_dags/example_external_task_marker_dag.py                                  0           0
/home/airflow/.local/lib/python3.6/site-packages/airflow/example_dags/example_kubernetes_executor.py                                       0           0
/home/airflow/.local/lib/python3.6/site-packages/airflow/example_dags/example_branch_labels.py                                             0           0
/home/airflow/.local/lib/python3.6/site-packages/airflow/example_dags/test_utils.py                                                        0           0
/home/airflow/.local/lib/python3.6/site-packages/airflow/example_dags/subdags/subdag.py                                                    0           0
================================================================================
[2021-09-28 15:55:59,993] {manager.py:585} INFO - Exiting gracefully upon receiving signal 15
[2021-09-28 15:55:59,979] {manager.py:585} INFO - Exiting gracefully upon receiving signal 15
[2021-09-28 15:56:00,034] {manager.py:585} INFO - Exiting gracefully upon receiving signal 15
[2021-09-28 15:57:16,816] {manager.py:604} INFO - Processing files using up to 2 processes at a time 
[2021-09-28 15:57:16,851] {manager.py:605} INFO - Process each file at most once every 30 seconds
[2021-09-28 15:57:16,897] {manager.py:607} INFO - Checking for new files in /opt/airflow/dags every 300 seconds
[2021-09-28 15:57:17,146] {manager.py:754} INFO - Searching for files in /opt/airflow/dags
[2021-09-28 15:57:21,800] {manager.py:757} INFO - There are 31 files in /opt/airflow/dags
[2021-09-28 15:57:52,260] {manager.py:1128} INFO - Finding 'running' jobs without a recent heartbeat
[2021-09-28 15:57:52,490] {manager.py:1132} INFO - Failing jobs without heartbeat after 2021-09-28 15:52:52.490222+00:00
[2021-09-28 15:58:39,110] {manager.py:585} INFO - Exiting gracefully upon receiving signal 15
[2021-09-28 15:58:39,863] {manager.py:585} INFO - Exiting gracefully upon receiving signal 15
[2021-09-28 15:58:39,833] {manager.py:585} INFO - Exiting gracefully upon receiving signal 15
[2021-09-28 15:59:57,774] {manager.py:604} INFO - Processing files using up to 2 processes at a time 
[2021-09-28 15:59:57,795] {manager.py:605} INFO - Process each file at most once every 30 seconds
[2021-09-28 15:59:57,877] {manager.py:607} INFO - Checking for new files in /opt/airflow/dags every 300 seconds
[2021-09-28 15:59:58,051] {manager.py:754} INFO - Searching for files in /opt/airflow/dags
[2021-09-28 16:00:00,955] {manager.py:757} INFO - There are 31 files in /opt/airflow/dags
[2021-09-28 16:00:14,849] {manager.py:1128} INFO - Finding 'running' jobs without a recent heartbeat
[2021-09-28 16:00:14,856] {manager.py:1132} INFO - Failing jobs without heartbeat after 2021-09-28 15:55:14.855839+00:00
[2021-09-28 16:00:21,953] {manager.py:861} INFO - 
================================================================================
DAG File Processing Stats

File Path                                                                                                           PID  Runtime      # DAGs    # Errors  Last Runtime    Last Run
----------------------------------------------------------------------------------------------------------------  -----  ---------  --------  ----------  --------------  ----------
/home/airflow/.local/lib/python3.6/site-packages/airflow/example_dags/example_trigger_target_dag.py                 295  3.59s             0           0
/home/airflow/.local/lib/python3.6/site-packages/airflow/example_dags/example_latest_only.py                        296  2.33s             0           0
/home/airflow/.local/lib/python3.6/site-packages/airflow/example_dags/example_nested_branch_dag.py                                         0           0
/home/airflow/.local/lib/python3.6/site-packages/airflow/example_dags/example_bash_operator.py                                             0           0
/home/airflow/.local/lib/python3.6/site-packages/airflow/example_dags/example_branch_datetime_operator.py                                  0           0
/home/airflow/.local/lib/python3.6/site-packages/airflow/example_dags/example_trigger_controller_dag.py                                    0           0
/home/airflow/.local/lib/python3.6/site-packages/airflow/example_dags/example_complex.py                                                   0           0
/home/airflow/.local/lib/python3.6/site-packages/airflow/example_dags/example_python_operator.py                                           0           0
/home/airflow/.local/lib/python3.6/site-packages/airflow/example_dags/tutorial.py                                                          0           0
/home/airflow/.local/lib/python3.6/site-packages/airflow/example_dags/example_xcom.py                                                      0           0
/home/airflow/.local/lib/python3.6/site-packages/airflow/example_dags/example_dag_decorator.py                                             0           0
/home/airflow/.local/lib/python3.6/site-packages/airflow/example_dags/example_kubernetes_executor_config.py                                0           0
/home/airflow/.local/lib/python3.6/site-packages/airflow/example_dags/example_branch_day_of_week_operator.py                               0           0
/home/airflow/.local/lib/python3.6/site-packages/airflow/example_dags/example_skip_dag.py                                                  0           0
/home/airflow/.local/lib/python3.6/site-packages/airflow/example_dags/example_task_group_decorator.py                                      0           0
/home/airflow/.local/lib/python3.6/site-packages/airflow/example_dags/example_short_circuit_operator.py                                    0           0
/home/airflow/.local/lib/python3.6/site-packages/airflow/example_dags/tutorial_etl_dag.py                                                  0           0
/home/airflow/.local/lib/python3.6/site-packages/airflow/example_dags/example_latest_only_with_trigger.py                                  0           0
/home/airflow/.local/lib/python3.6/site-packages/airflow/example_dags/example_branch_python_dop_operator_3.py                              0           0
/home/airflow/.local/lib/python3.6/site-packages/airflow/example_dags/tutorial_taskflow_api_etl_virtualenv.py                              0           0
/home/airflow/.local/lib/python3.6/site-packages/airflow/example_dags/example_task_group.py                                                0           0
/home/airflow/.local/lib/python3.6/site-packages/airflow/example_dags/example_subdag_operator.py                                           0           0
/home/airflow/.local/lib/python3.6/site-packages/airflow/example_dags/tutorial_taskflow_api_etl.py                                         0           0
/home/airflow/.local/lib/python3.6/site-packages/airflow/example_dags/example_xcomargs.py                                                  0           0
/home/airflow/.local/lib/python3.6/site-packages/airflow/example_dags/example_branch_operator.py                                           0           0
/home/airflow/.local/lib/python3.6/site-packages/airflow/example_dags/example_passing_params_via_test_command.py                           0           0
/home/airflow/.local/lib/python3.6/site-packages/airflow/example_dags/example_external_task_marker_dag.py                                  0           0
/home/airflow/.local/lib/python3.6/site-packages/airflow/example_dags/example_kubernetes_executor.py                                       0           0
/home/airflow/.local/lib/python3.6/site-packages/airflow/example_dags/example_branch_labels.py                                             0           0
/home/airflow/.local/lib/python3.6/site-packages/airflow/example_dags/test_utils.py                                                        0           0
/home/airflow/.local/lib/python3.6/site-packages/airflow/example_dags/subdags/subdag.py                                                    0           0
================================================================================
[2021-09-28 16:00:27,522] {manager.py:1128} INFO - Finding 'running' jobs without a recent heartbeat
[2021-09-28 16:00:27,555] {manager.py:1132} INFO - Failing jobs without heartbeat after 2021-09-28 15:55:27.555796+00:00
[2021-09-28 16:00:38,754] {manager.py:1128} INFO - Finding 'running' jobs without a recent heartbeat
[2021-09-28 16:00:39,062] {manager.py:1132} INFO - Failing jobs without heartbeat after 2021-09-28 15:55:39.062743+00:00
[2021-09-28 16:00:50,422] {manager.py:1128} INFO - Finding 'running' jobs without a recent heartbeat
[2021-09-28 16:00:50,641] {manager.py:1132} INFO - Failing jobs without heartbeat after 2021-09-28 15:55:50.606069+00:00
[2021-09-28 16:00:56,298] {manager.py:861} INFO - 
================================================================================
DAG File Processing Stats

File Path                                                                                                           PID  Runtime      # DAGs    # Errors  Last Runtime    Last Run
----------------------------------------------------------------------------------------------------------------  -----  ---------  --------  ----------  --------------  ----------
/home/airflow/.local/lib/python3.6/site-packages/airflow/example_dags/example_trigger_target_dag.py                 295  42.44s            0           0
/home/airflow/.local/lib/python3.6/site-packages/airflow/example_dags/example_latest_only.py                        296  41.17s            0           0
/home/airflow/.local/lib/python3.6/site-packages/airflow/example_dags/example_nested_branch_dag.py                                         0           0
/home/airflow/.local/lib/python3.6/site-packages/airflow/example_dags/example_bash_operator.py                                             0           0
/home/airflow/.local/lib/python3.6/site-packages/airflow/example_dags/example_branch_datetime_operator.py                                  0           0
/home/airflow/.local/lib/python3.6/site-packages/airflow/example_dags/example_trigger_controller_dag.py                                    0           0
/home/airflow/.local/lib/python3.6/site-packages/airflow/example_dags/example_complex.py                                                   0           0
/home/airflow/.local/lib/python3.6/site-packages/airflow/example_dags/example_python_operator.py                                           0           0
/home/airflow/.local/lib/python3.6/site-packages/airflow/example_dags/tutorial.py                                                          0           0
/home/airflow/.local/lib/python3.6/site-packages/airflow/example_dags/example_xcom.py                                                      0           0
/home/airflow/.local/lib/python3.6/site-packages/airflow/example_dags/example_dag_decorator.py                                             0           0
/home/airflow/.local/lib/python3.6/site-packages/airflow/example_dags/example_kubernetes_executor_config.py                                0           0
/home/airflow/.local/lib/python3.6/site-packages/airflow/example_dags/example_branch_day_of_week_operator.py                               0           0
/home/airflow/.local/lib/python3.6/site-packages/airflow/example_dags/example_skip_dag.py                                                  0           0
/home/airflow/.local/lib/python3.6/site-packages/airflow/example_dags/example_task_group_decorator.py                                      0           0
/home/airflow/.local/lib/python3.6/site-packages/airflow/example_dags/example_short_circuit_operator.py                                    0           0
/home/airflow/.local/lib/python3.6/site-packages/airflow/example_dags/tutorial_etl_dag.py                                                  0           0
/home/airflow/.local/lib/python3.6/site-packages/airflow/example_dags/example_latest_only_with_trigger.py                                  0           0
/home/airflow/.local/lib/python3.6/site-packages/airflow/example_dags/example_branch_python_dop_operator_3.py                              0           0
/home/airflow/.local/lib/python3.6/site-packages/airflow/example_dags/tutorial_taskflow_api_etl_virtualenv.py                              0           0
/home/airflow/.local/lib/python3.6/site-packages/airflow/example_dags/example_task_group.py                                                0           0
/home/airflow/.local/lib/python3.6/site-packages/airflow/example_dags/example_subdag_operator.py                                           0           0
/home/airflow/.local/lib/python3.6/site-packages/airflow/example_dags/tutorial_taskflow_api_etl.py                                         0           0
/home/airflow/.local/lib/python3.6/site-packages/airflow/example_dags/example_xcomargs.py                                                  0           0
/home/airflow/.local/lib/python3.6/site-packages/airflow/example_dags/example_branch_operator.py                                           0           0
/home/airflow/.local/lib/python3.6/site-packages/airflow/example_dags/example_passing_params_via_test_command.py                           0           0
/home/airflow/.local/lib/python3.6/site-packages/airflow/example_dags/example_external_task_marker_dag.py                                  0           0
/home/airflow/.local/lib/python3.6/site-packages/airflow/example_dags/example_kubernetes_executor.py                                       0           0
/home/airflow/.local/lib/python3.6/site-packages/airflow/example_dags/example_branch_labels.py                                             0           0
/home/airflow/.local/lib/python3.6/site-packages/airflow/example_dags/test_utils.py                                                        0           0
/home/airflow/.local/lib/python3.6/site-packages/airflow/example_dags/subdags/subdag.py                                                    0           0
================================================================================
[2021-09-28 16:01:04,146] {manager.py:1169} ERROR - Processor for /home/airflow/.local/lib/python3.6/site-packages/airflow/example_dags/example_trigger_target_dag.py with PID 295 started at 2021-09-28T16:00:13.562238+00:00 has timed out, killing it.
[2021-09-28 16:01:05,253] {manager.py:1169} ERROR - Processor for /home/airflow/.local/lib/python3.6/site-packages/airflow/example_dags/example_trigger_target_dag.py with PID 295 started at 2021-09-28T16:00:13.562238+00:00 has timed out, killing it.
[2021-09-28 16:01:05,461] {manager.py:1169} ERROR - Processor for /home/airflow/.local/lib/python3.6/site-packages/airflow/example_dags/example_latest_only.py with PID 296 started at 2021-09-28T16:00:14.827525+00:00 has timed out, killing it.
[2021-09-28 16:01:06,061] {manager.py:1128} INFO - Finding 'running' jobs without a recent heartbeat
[2021-09-28 16:01:06,153] {manager.py:1132} INFO - Failing jobs without heartbeat after 2021-09-28 15:56:06.153419+00:00
[2021-09-28 16:01:08,007] {manager.py:1169} ERROR - Processor for /home/airflow/.local/lib/python3.6/site-packages/airflow/example_dags/example_trigger_target_dag.py with PID 295 started at 2021-09-28T16:00:13.562238+00:00 has timed out, killing it.
[2021-09-28 16:01:08,134] {manager.py:1169} ERROR - Processor for /home/airflow/.local/lib/python3.6/site-packages/airflow/example_dags/example_latest_only.py with PID 296 started at 2021-09-28T16:00:14.827525+00:00 has timed out, killing it.
[2021-09-28 16:02:36,161] {manager.py:604} INFO - Processing files using up to 2 processes at a time 
[2021-09-28 16:02:36,361] {manager.py:605} INFO - Process each file at most once every 30 seconds
[2021-09-28 16:02:36,627] {manager.py:607} INFO - Checking for new files in /opt/airflow/dags every 300 seconds
[2021-09-28 16:02:36,792] {manager.py:754} INFO - Searching for files in /opt/airflow/dags
[2021-09-28 16:02:47,262] {manager.py:757} INFO - There are 31 files in /opt/airflow/dags
[2021-09-28 16:03:20,135] {manager.py:585} INFO - Exiting gracefully upon receiving signal 15
[2021-09-28 16:07:35,346] {manager.py:604} INFO - Processing files using up to 2 processes at a time 
[2021-09-28 16:07:37,867] {manager.py:605} INFO - Process each file at most once every 30 seconds
[2021-09-28 16:07:38,313] {manager.py:607} INFO - Checking for new files in /opt/airflow/dags every 300 seconds
[2021-09-28 16:07:39,171] {manager.py:754} INFO - Searching for files in /opt/airflow/dags
[2021-09-28 16:08:52,119] {manager.py:757} INFO - There are 31 files in /opt/airflow/dags
