[2021-09-28 15:27:18,845] {processor.py:162} INFO - Started process (PID=109) to work on /home/airflow/.local/lib/python3.6/site-packages/airflow/example_dags/example_latest_only.py
[2021-09-28 15:27:19,473] {processor.py:613} INFO - Processing file /home/airflow/.local/lib/python3.6/site-packages/airflow/example_dags/example_latest_only.py for tasks to queue
[2021-09-28 15:27:19,506] {logging_mixin.py:109} INFO - [2021-09-28 15:27:19,506] {dagbag.py:496} INFO - Filling up the DagBag from /home/airflow/.local/lib/python3.6/site-packages/airflow/example_dags/example_latest_only.py
[2021-09-28 15:27:52,912] {logging_mixin.py:109} INFO - [2021-09-28 15:27:51,894] {timeout.py:36} ERROR - Process timed out, PID: 109
[2021-09-28 15:27:54,786] {logging_mixin.py:109} INFO - [2021-09-28 15:27:53,037] {dagbag.py:329} ERROR - Failed to import: /home/airflow/.local/lib/python3.6/site-packages/airflow/example_dags/example_latest_only.py
Traceback (most recent call last):
  File "/home/airflow/.local/lib/python3.6/site-packages/airflow/models/dagbag.py", line 326, in _load_modules_from_file
    loader.exec_module(new_module)
  File "<frozen importlib._bootstrap_external>", line 678, in exec_module
  File "<frozen importlib._bootstrap>", line 219, in _call_with_frames_removed
  File "/home/airflow/.local/lib/python3.6/site-packages/airflow/example_dags/example_latest_only.py", line 35, in <module>
    latest_only = LatestOnlyOperator(task_id='latest_only')
  File "/home/airflow/.local/lib/python3.6/site-packages/airflow/models/baseoperator.py", line 178, in apply_defaults
    result = func(self, *args, **kwargs)
  File "/home/airflow/.local/lib/python3.6/site-packages/airflow/models/baseoperator.py", line 178, in apply_defaults
    result = func(self, *args, **kwargs)
  File "/home/airflow/.local/lib/python3.6/site-packages/airflow/models/baseoperator.py", line 181, in apply_defaults
    self.set_xcomargs_dependencies()
  File "/home/airflow/.local/lib/python3.6/site-packages/airflow/models/baseoperator.py", line 846, in set_xcomargs_dependencies
    from airflow.models.xcom_arg import XComArg
  File "<frozen importlib._bootstrap>", line 971, in _find_and_load
  File "<frozen importlib._bootstrap>", line 955, in _find_and_load_unlocked
  File "<frozen importlib._bootstrap>", line 665, in _load_unlocked
  File "<frozen importlib._bootstrap_external>", line 674, in exec_module
  File "<frozen importlib._bootstrap_external>", line 780, in get_code
  File "<frozen importlib._bootstrap_external>", line 833, in get_data
  File "/home/airflow/.local/lib/python3.6/site-packages/airflow/utils/timeout.py", line 37, in handle_timeout
    raise AirflowTaskTimeout(self.error_message)
airflow.exceptions.AirflowTaskTimeout: DagBag import timeout for /home/airflow/.local/lib/python3.6/site-packages/airflow/example_dags/example_latest_only.py after 30.0s, PID: 109
[2021-09-28 15:27:54,955] {processor.py:625} WARNING - No viable dags retrieved from /home/airflow/.local/lib/python3.6/site-packages/airflow/example_dags/example_latest_only.py
[2021-09-28 15:28:01,718] {processor.py:170} INFO - Processing /home/airflow/.local/lib/python3.6/site-packages/airflow/example_dags/example_latest_only.py took 41.867 seconds
[2021-09-28 15:51:36,204] {processor.py:162} INFO - Started process (PID=54) to work on /home/airflow/.local/lib/python3.6/site-packages/airflow/example_dags/example_latest_only.py
[2021-09-28 15:51:36,218] {processor.py:613} INFO - Processing file /home/airflow/.local/lib/python3.6/site-packages/airflow/example_dags/example_latest_only.py for tasks to queue
[2021-09-28 15:51:36,242] {logging_mixin.py:109} INFO - [2021-09-28 15:51:36,238] {dagbag.py:496} INFO - Filling up the DagBag from /home/airflow/.local/lib/python3.6/site-packages/airflow/example_dags/example_latest_only.py
[2021-09-28 15:51:36,424] {processor.py:623} INFO - DAG(s) dict_keys(['latest_only']) retrieved from /home/airflow/.local/lib/python3.6/site-packages/airflow/example_dags/example_latest_only.py
[2021-09-28 15:52:39,478] {processor.py:162} INFO - Started process (PID=87) to work on /home/airflow/.local/lib/python3.6/site-packages/airflow/example_dags/example_latest_only.py
[2021-09-28 15:52:39,597] {processor.py:613} INFO - Processing file /home/airflow/.local/lib/python3.6/site-packages/airflow/example_dags/example_latest_only.py for tasks to queue
[2021-09-28 15:52:39,661] {logging_mixin.py:109} INFO - [2021-09-28 15:52:39,639] {dagbag.py:496} INFO - Filling up the DagBag from /home/airflow/.local/lib/python3.6/site-packages/airflow/example_dags/example_latest_only.py
[2021-09-28 15:52:41,727] {processor.py:623} INFO - DAG(s) dict_keys(['latest_only']) retrieved from /home/airflow/.local/lib/python3.6/site-packages/airflow/example_dags/example_latest_only.py
[2021-09-28 15:53:55,459] {processor.py:162} INFO - Started process (PID=129) to work on /home/airflow/.local/lib/python3.6/site-packages/airflow/example_dags/example_latest_only.py
[2021-09-28 15:53:55,591] {processor.py:613} INFO - Processing file /home/airflow/.local/lib/python3.6/site-packages/airflow/example_dags/example_latest_only.py for tasks to queue
[2021-09-28 15:53:55,770] {logging_mixin.py:109} INFO - [2021-09-28 15:53:55,769] {dagbag.py:496} INFO - Filling up the DagBag from /home/airflow/.local/lib/python3.6/site-packages/airflow/example_dags/example_latest_only.py
[2021-09-28 15:53:59,979] {processor.py:623} INFO - DAG(s) dict_keys(['latest_only']) retrieved from /home/airflow/.local/lib/python3.6/site-packages/airflow/example_dags/example_latest_only.py
[2021-09-28 15:55:47,741] {processor.py:162} INFO - Started process (PID=186) to work on /home/airflow/.local/lib/python3.6/site-packages/airflow/example_dags/example_latest_only.py
[2021-09-28 15:55:48,185] {processor.py:613} INFO - Processing file /home/airflow/.local/lib/python3.6/site-packages/airflow/example_dags/example_latest_only.py for tasks to queue
[2021-09-28 15:55:49,101] {logging_mixin.py:109} INFO - [2021-09-28 15:55:48,936] {dagbag.py:496} INFO - Filling up the DagBag from /home/airflow/.local/lib/python3.6/site-packages/airflow/example_dags/example_latest_only.py
[2021-09-28 15:57:53,413] {processor.py:162} INFO - Started process (PID=250) to work on /home/airflow/.local/lib/python3.6/site-packages/airflow/example_dags/example_latest_only.py
[2021-09-28 15:57:53,677] {processor.py:613} INFO - Processing file /home/airflow/.local/lib/python3.6/site-packages/airflow/example_dags/example_latest_only.py for tasks to queue
[2021-09-28 15:57:53,776] {logging_mixin.py:109} INFO - [2021-09-28 15:57:53,759] {dagbag.py:496} INFO - Filling up the DagBag from /home/airflow/.local/lib/python3.6/site-packages/airflow/example_dags/example_latest_only.py
[2021-09-28 15:58:32,661] {logging_mixin.py:109} INFO - [2021-09-28 15:58:29,930] {timeout.py:36} ERROR - Process timed out, PID: 250
[2021-09-28 15:58:34,585] {logging_mixin.py:109} INFO - [2021-09-28 15:58:33,519] {dagbag.py:329} ERROR - Failed to import: /home/airflow/.local/lib/python3.6/site-packages/airflow/example_dags/example_latest_only.py
Traceback (most recent call last):
  File "/home/airflow/.local/lib/python3.6/site-packages/airflow/models/dagbag.py", line 326, in _load_modules_from_file
    loader.exec_module(new_module)
  File "<frozen importlib._bootstrap_external>", line 678, in exec_module
  File "<frozen importlib._bootstrap>", line 219, in _call_with_frames_removed
  File "/home/airflow/.local/lib/python3.6/site-packages/airflow/example_dags/example_latest_only.py", line 35, in <module>
    latest_only = LatestOnlyOperator(task_id='latest_only')
  File "/home/airflow/.local/lib/python3.6/site-packages/airflow/models/baseoperator.py", line 178, in apply_defaults
    result = func(self, *args, **kwargs)
  File "/home/airflow/.local/lib/python3.6/site-packages/airflow/models/baseoperator.py", line 178, in apply_defaults
    result = func(self, *args, **kwargs)
  File "/home/airflow/.local/lib/python3.6/site-packages/airflow/models/baseoperator.py", line 181, in apply_defaults
    self.set_xcomargs_dependencies()
  File "/home/airflow/.local/lib/python3.6/site-packages/airflow/models/baseoperator.py", line 846, in set_xcomargs_dependencies
    from airflow.models.xcom_arg import XComArg
  File "<frozen importlib._bootstrap>", line 971, in _find_and_load
  File "<frozen importlib._bootstrap>", line 955, in _find_and_load_unlocked
  File "<frozen importlib._bootstrap>", line 665, in _load_unlocked
  File "<frozen importlib._bootstrap_external>", line 674, in exec_module
  File "<frozen importlib._bootstrap_external>", line 779, in get_code
  File "<frozen importlib._bootstrap_external>", line 487, in _compile_bytecode
  File "/home/airflow/.local/lib/python3.6/site-packages/airflow/utils/timeout.py", line 37, in handle_timeout
    raise AirflowTaskTimeout(self.error_message)
airflow.exceptions.AirflowTaskTimeout: DagBag import timeout for /home/airflow/.local/lib/python3.6/site-packages/airflow/example_dags/example_latest_only.py after 30.0s, PID: 250
[2021-09-28 15:58:35,863] {processor.py:625} WARNING - No viable dags retrieved from /home/airflow/.local/lib/python3.6/site-packages/airflow/example_dags/example_latest_only.py
[2021-09-28 16:00:16,000] {processor.py:162} INFO - Started process (PID=296) to work on /home/airflow/.local/lib/python3.6/site-packages/airflow/example_dags/example_latest_only.py
[2021-09-28 16:00:16,006] {processor.py:613} INFO - Processing file /home/airflow/.local/lib/python3.6/site-packages/airflow/example_dags/example_latest_only.py for tasks to queue
[2021-09-28 16:00:16,010] {logging_mixin.py:109} INFO - [2021-09-28 16:00:16,009] {dagbag.py:496} INFO - Filling up the DagBag from /home/airflow/.local/lib/python3.6/site-packages/airflow/example_dags/example_latest_only.py
[2021-09-28 16:00:16,696] {processor.py:623} INFO - DAG(s) dict_keys(['latest_only']) retrieved from /home/airflow/.local/lib/python3.6/site-packages/airflow/example_dags/example_latest_only.py
